<?xml version="1.0" encoding="UTF-8"?>
<!-- Generated by org.testng.reporters.JUnitReportReporter -->
<testsuite hostname="LAPTOP-0CF2PGEA" failures="0" tests="2" name="com.luma.testCases.TC_002_login" time="60.857" errors="0" timestamp="2024-12-12T18:48:23 IST" skipped="0">
  <testcase classname="com.luma.testCases.TC_002_login" name="verifyLogin" time="38.411"/>
  <system-out/>
  <testcase classname="com.luma.testCases.TC_002_login" name="verifyLogin" time="22.446"/>
  <system-out/>
</testsuite> <!-- com.luma.testCases.TC_002_login -->
