<?xml version="1.0" encoding="UTF-8"?>
<!-- Generated by org.testng.reporters.JUnitReportReporter -->
<testsuite hostname="LAPTOP-0CF2PGEA" failures="0" tests="1" name="com.luma.testCases.TC_007_Selecting_Item_By_SearchboxTest" time="3.149" errors="0" timestamp="2024-12-16T09:34:35 IST" skipped="0">
  <testcase classname="com.luma.testCases.TC_007_Selecting_Item_By_SearchboxTest" name="searchItemBySearchBar" time="3.149"/>
  <system-out/>
</testsuite> <!-- com.luma.testCases.TC_007_Selecting_Item_By_SearchboxTest -->
