<?xml version="1.0" encoding="UTF-8"?>
<!-- Generated by org.testng.reporters.JUnitReportReporter -->
<testsuite hostname="LAPTOP-0CF2PGEA" failures="0" tests="1" name="com.luma.testCases.TC_005_AddToCart_and_delete" time="13.453" errors="0" timestamp="2024-12-16T21:53:37 IST" skipped="0">
  <testcase classname="com.luma.testCases.TC_005_AddToCart_and_delete" name="deleteAddedItem" time="13.453"/>
  <system-out/>
</testsuite> <!-- com.luma.testCases.TC_005_AddToCart_and_delete -->
