<?xml version="1.0" encoding="UTF-8"?>
<!-- Generated by org.testng.reporters.JUnitReportReporter -->
<testsuite hostname="LAPTOP-0CF2PGEA" failures="0" tests="3" name="com.luma.testCases.TC_001_CreateAccount" time="27.629" errors="0" timestamp="2024-12-11T13:34:53 IST" skipped="0">
  <testcase classname="com.luma.testCases.TC_001_CreateAccount" name="createCusAcc" time="11.507"/>
  <system-out/>
  <testcase classname="com.luma.testCases.TC_001_CreateAccount" name="createCusAcc" time="8.262"/>
  <system-out/>
  <testcase classname="com.luma.testCases.TC_001_CreateAccount" name="createCusAcc" time="7.860"/>
  <system-out/>
</testsuite> <!-- com.luma.testCases.TC_001_CreateAccount -->
