<?xml version="1.0" encoding="UTF-8"?>
<!-- Generated by org.testng.reporters.JUnitReportReporter -->
<testsuite hostname="LAPTOP-0CF2PGEA" failures="0" tests="1" name="com.luma.testCases.TC_003_AddToCartWithOutLoginTest" time="6.030" errors="0" timestamp="2024-12-11T13:34:53 IST" skipped="0">
  <testcase classname="com.luma.testCases.TC_003_AddToCartWithOutLoginTest" name="verifyAddToCartWithoutLogin" time="6.030"/>
  <system-out/>
</testsuite> <!-- com.luma.testCases.TC_003_AddToCartWithOutLoginTest -->
