<?xml version="1.0" encoding="UTF-8"?>
<!-- Generated by org.testng.reporters.JUnitReportReporter -->
<testsuite hostname="LAPTOP-0CF2PGEA" failures="0" tests="1" name="com.luma.testCases.TC_004_CreateByUsingSignInLink" time="8.421" errors="0" timestamp="2024-12-12T20:22:01 IST" skipped="0">
  <testcase classname="com.luma.testCases.TC_004_CreateByUsingSignInLink" name="createCusBysignin" time="8.421"/>
</testsuite> <!-- com.luma.testCases.TC_004_CreateByUsingSignInLink -->
