<?xml version="1.0" encoding="UTF-8"?>
<!-- Generated by org.testng.reporters.JUnitReportReporter -->
<testsuite hostname="LAPTOP-0CF2PGEA" failures="0" tests="2" name="com.luma.testCases.TC_002_login" time="22.923" errors="0" timestamp="2024-12-12T20:35:43 IST" skipped="0">
  <testcase classname="com.luma.testCases.TC_002_login" name="verifyLogin" time="11.242"/>
  <testcase classname="com.luma.testCases.TC_002_login" name="verifyLogin" time="11.681"/>
</testsuite> <!-- com.luma.testCases.TC_002_login -->
